#
# There is insufficient memory for the Java Runtime Environment to continue.
# Native memory allocation (malloc) failed to allocate 749936 bytes for Chunk::new
# Possible reasons:
#   The system is out of physical RAM or swap space
#   The process is running with CompressedOops enabled, and the Java Heap may be blocking the growth of the native heap
# Possible solutions:
#   Reduce memory load on the system
#   Increase physical memory or swap space
#   Check if swap backing store is full
#   Decrease Java heap size (-Xmx/-Xms)
#   Decrease number of Java threads
#   Decrease Java thread stack sizes (-Xss)
#   Set larger code cache with -XX:ReservedCodeCacheSize=
#   JVM is running with Unscaled Compressed Oops mode in which the Java heap is
#     placed in the first 4GB address space. The Java Heap base address is the
#     maximum limit for the native heap growth. Please use -XX:HeapBaseMinAddress
#     to set the Java Heap base and to place the Java Heap above 4GB virtual address.
# This output file may be truncated or incomplete.
#
#  Out of Memory Error (./src/hotspot/share/memory/arena.cpp:197), pid=11148, tid=14512
#
# JRE version: OpenJDK Runtime Environment 18.9 (11.0.16+8) (build 11.0.16+8)
# Java VM: OpenJDK 64-Bit Server VM 18.9 (11.0.16+8, mixed mode, tiered, compressed oops, g1 gc, windows-amd64)
# No core dump will be written. Minidumps are not enabled by default on client versions of Windows
#

---------------  S U M M A R Y ------------

Command Line: org.jetbrains.kotlin.cli.jvm.K2JVMCompiler @C:\Users\Tomas\github\demoWallet-react-native\node_modules\react-native-gradle-plugin\build\20220816_9249390667188476213.compiler.options

Host: AMD Ryzen 3 4300U with Radeon Graphics         , 4 cores, 3G,  Windows 10 , 64 bit Build 19041 (10.0.19041.1889)
Time: Tue Aug 16 02:00:52 2022 FLE Daylight Time elapsed time: 12.630832 seconds (0d 0h 0m 12s)

---------------  T H R E A D  ---------------

Current thread (0x000002903c68c000):  JavaThread "C2 CompilerThread0" daemon [_thread_in_native, id=14512, stack(0x000000a773f00000,0x000000a774000000)]


Current CompileTask:
C2:  12630 7639       4       org.jetbrains.kotlin.types.TypeSubstitutor::unsafeSubstitute (813 bytes)

Stack: [0x000000a773f00000,0x000000a774000000]
Native frames: (J=compiled Java code, j=interpreted, Vv=VM code, C=native code)
V  [jvm.dll+0x61a63a]
V  [jvm.dll+0x757439]
V  [jvm.dll+0x758b28]
V  [jvm.dll+0x759203]
V  [jvm.dll+0x24d9a8]
V  [jvm.dll+0xc148c]
V  [jvm.dll+0xc1a4c]
V  [jvm.dll+0x357127]
V  [jvm.dll+0x19cd83]
V  [jvm.dll+0x206ec2]
V  [jvm.dll+0x205edd]
V  [jvm.dll+0x187ec1]
V  [jvm.dll+0x2156a4]
V  [jvm.dll+0x2138eb]
V  [jvm.dll+0x71a000]
V  [jvm.dll+0x712f34]
V  [jvm.dll+0x6194a5]
C  [ucrtbase.dll+0x21bb2]
C  [KERNEL32.DLL+0x17034]
C  [ntdll.dll+0x52651]


---------------  P R O C E S S  ---------------

Threads class SMR info:
_java_thread_list=0x000002903c969960, length=10, elements={
0x000002901fb3c800, 0x000002903c673000, 0x000002903c67e800, 0x000002903c6de800,
0x000002903c6e3000, 0x000002903c68b800, 0x000002903c68c000, 0x000002903c6f7800,
0x000002903c848800, 0x000002903c97e800
}

Java Threads: ( => current thread )
  0x000002901fb3c800 JavaThread "main" [_thread_in_native, id=11648, stack(0x000000a773300000,0x000000a773400000)]
  0x000002903c673000 JavaThread "Reference Handler" daemon [_thread_blocked, id=13508, stack(0x000000a773a00000,0x000000a773b00000)]
  0x000002903c67e800 JavaThread "Finalizer" daemon [_thread_blocked, id=5540, stack(0x000000a773b00000,0x000000a773c00000)]
  0x000002903c6de800 JavaThread "Signal Dispatcher" daemon [_thread_blocked, id=9460, stack(0x000000a773c00000,0x000000a773d00000)]
  0x000002903c6e3000 JavaThread "Attach Listener" daemon [_thread_blocked, id=12948, stack(0x000000a773d00000,0x000000a773e00000)]
  0x000002903c68b800 JavaThread "Service Thread" daemon [_thread_blocked, id=9872, stack(0x000000a773e00000,0x000000a773f00000)]
=>0x000002903c68c000 JavaThread "C2 CompilerThread0" daemon [_thread_in_native, id=14512, stack(0x000000a773f00000,0x000000a774000000)]
  0x000002903c6f7800 JavaThread "C1 CompilerThread0" daemon [_thread_blocked, id=11792, stack(0x000000a774000000,0x000000a774100000)]
  0x000002903c848800 JavaThread "Sweeper thread" daemon [_thread_blocked, id=3008, stack(0x000000a774100000,0x000000a774200000)]
  0x000002903c97e800 JavaThread "Common-Cleaner" daemon [_thread_blocked, id=13836, stack(0x000000a774300000,0x000000a774400000)]

Other Threads:
  0x000002903c64c000 VMThread "VM Thread" [stack: 0x000000a773900000,0x000000a773a00000] [id=1224]
  0x000002903c972000 WatcherThread [stack: 0x000000a774200000,0x000000a774300000] [id=14800]
  0x000002901fb52000 GCTaskThread "GC Thread#0" [stack: 0x000000a773400000,0x000000a773500000] [id=3104]
  0x000002903cd94800 GCTaskThread "GC Thread#1" [stack: 0x000000a774400000,0x000000a774500000] [id=2196]
  0x000002901fb6c800 ConcurrentGCThread "G1 Main Marker" [stack: 0x000000a773500000,0x000000a773600000] [id=11176]
  0x000002901fb6f000 ConcurrentGCThread "G1 Conc#0" [stack: 0x000000a773600000,0x000000a773700000] [id=13604]
  0x000002901fbb6000 ConcurrentGCThread "G1 Refine#0" [stack: 0x000000a773700000,0x000000a773800000] [id=12516]
  0x000002903d17f800 ConcurrentGCThread "G1 Refine#1" [stack: 0x000000a774500000,0x000000a774600000] [id=11400]
  0x000002903fd88000 ConcurrentGCThread "G1 Refine#2" [stack: 0x000000a774600000,0x000000a774700000] [id=12356]
  0x000002901fbb7800 ConcurrentGCThread "G1 Young RemSet Sampling" [stack: 0x000000a773800000,0x000000a773900000] [id=7580]

Threads with active compile tasks:
C2 CompilerThread0    13411 7639       4       org.jetbrains.kotlin.types.TypeSubstitutor::unsafeSubstitute (813 bytes)

VM state:not at safepoint (normal execution)

VM Mutex/Monitor currently owned by a thread: None

Heap address: 0x00000000ca200000, size: 862 MB, Compressed Oops mode: 32-bit
Narrow klass base: 0x0000000000000000, Narrow klass shift: 3
Compressed class space size: 1073741824 Address: 0x0000000100000000

Heap:
 garbage-first heap   total 96256K, used 56735K [0x00000000ca200000, 0x0000000100000000)
  region size 1024K, 5 young (5120K), 3 survivors (3072K)
 Metaspace       used 60023K, capacity 60821K, committed 61184K, reserved 1103872K
  class space    used 6729K, capacity 7053K, committed 7168K, reserved 1048576K
Heap Regions: E=young(eden), S=young(survivor), O=old, HS=humongous(starts), HC=humongous(continues), CS=collection set, F=free, A=archive, TAMS=top-at-mark-start (previous, next)
|   0|0x00000000ca200000, 0x00000000ca300000, 0x00000000ca300000|100%|HS|  |TAMS 0x00000000ca300000, 0x00000000ca200000| Complete 
|   1|0x00000000ca300000, 0x00000000ca400000, 0x00000000ca400000|100%|HC|  |TAMS 0x00000000ca400000, 0x00000000ca300000| Complete 
|   2|0x00000000ca400000, 0x00000000ca500000, 0x00000000ca500000|100%|HC|  |TAMS 0x00000000ca500000, 0x00000000ca400000| Complete 
|   3|0x00000000ca500000, 0x00000000ca600000, 0x00000000ca600000|100%| O|  |TAMS 0x00000000ca600000, 0x00000000ca500000| Untracked 
|   4|0x00000000ca600000, 0x00000000ca700000, 0x00000000ca700000|100%| O|  |TAMS 0x00000000ca700000, 0x00000000ca600000| Untracked 
|   5|0x00000000ca700000, 0x00000000ca800000, 0x00000000ca800000|100%| O|  |TAMS 0x00000000ca800000, 0x00000000ca700000| Untracked 
|   6|0x00000000ca800000, 0x00000000ca900000, 0x00000000ca900000|100%| O|  |TAMS 0x00000000ca900000, 0x00000000ca800000| Untracked 
|   7|0x00000000ca900000, 0x00000000caa00000, 0x00000000caa00000|100%| O|  |TAMS 0x00000000caa00000, 0x00000000ca900000| Untracked 
|   8|0x00000000caa00000, 0x00000000cab00000, 0x00000000cab00000|100%| O|  |TAMS 0x00000000cab00000, 0x00000000caa00000| Untracked 
|   9|0x00000000cab00000, 0x00000000cac00000, 0x00000000cac00000|100%|HS|  |TAMS 0x00000000cac00000, 0x00000000cab00000| Complete 
|  10|0x00000000cac00000, 0x00000000cad00000, 0x00000000cad00000|100%|HC|  |TAMS 0x00000000cad00000, 0x00000000cac00000| Complete 
|  11|0x00000000cad00000, 0x00000000cae00000, 0x00000000cae00000|100%|HC|  |TAMS 0x00000000cae00000, 0x00000000cad00000| Complete 
|  12|0x00000000cae00000, 0x00000000caf00000, 0x00000000caf00000|100%| O|  |TAMS 0x00000000caf00000, 0x00000000cae00000| Untracked 
|  13|0x00000000caf00000, 0x00000000cb000000, 0x00000000cb000000|100%| O|  |TAMS 0x00000000cb000000, 0x00000000caf00000| Untracked 
|  14|0x00000000cb000000, 0x00000000cb100000, 0x00000000cb100000|100%| O|  |TAMS 0x00000000cb100000, 0x00000000cb000000| Untracked 
|  15|0x00000000cb100000, 0x00000000cb200000, 0x00000000cb200000|100%| O|  |TAMS 0x00000000cb200000, 0x00000000cb100000| Untracked 
|  16|0x00000000cb200000, 0x00000000cb300000, 0x00000000cb300000|100%| O|  |TAMS 0x00000000cb300000, 0x00000000cb200000| Untracked 
|  17|0x00000000cb300000, 0x00000000cb400000, 0x00000000cb400000|100%| O|  |TAMS 0x00000000cb400000, 0x00000000cb300000| Untracked 
|  18|0x00000000cb400000, 0x00000000cb500000, 0x00000000cb500000|100%| O|  |TAMS 0x00000000cb500000, 0x00000000cb400000| Untracked 
|  19|0x00000000cb500000, 0x00000000cb600000, 0x00000000cb600000|100%| O|  |TAMS 0x00000000cb600000, 0x00000000cb500000| Untracked 
|  20|0x00000000cb600000, 0x00000000cb700000, 0x00000000cb700000|100%|HS|  |TAMS 0x00000000cb700000, 0x00000000cb600000| Complete 
|  21|0x00000000cb700000, 0x00000000cb800000, 0x00000000cb800000|100%| O|  |TAMS 0x00000000cb800000, 0x00000000cb700000| Untracked 
|  22|0x00000000cb800000, 0x00000000cb900000, 0x00000000cb900000|100%| O|  |TAMS 0x00000000cb900000, 0x00000000cb800000| Untracked 
|  23|0x00000000cb900000, 0x00000000cba00000, 0x00000000cba00000|100%| O|  |TAMS 0x00000000cba00000, 0x00000000cb900000| Untracked 
|  24|0x00000000cba00000, 0x00000000cbb00000, 0x00000000cbb00000|100%| O|  |TAMS 0x00000000cbb00000, 0x00000000cba00000| Untracked 
|  25|0x00000000cbb00000, 0x00000000cbc00000, 0x00000000cbc00000|100%| O|  |TAMS 0x00000000cbc00000, 0x00000000cbb00000| Untracked 
|  26|0x00000000cbc00000, 0x00000000cbd00000, 0x00000000cbd00000|100%| O|  |TAMS 0x00000000cbd00000, 0x00000000cbc00000| Untracked 
|  27|0x00000000cbd00000, 0x00000000cbe00000, 0x00000000cbe00000|100%| O|  |TAMS 0x00000000cbe00000, 0x00000000cbd00000| Untracked 
|  28|0x00000000cbe00000, 0x00000000cbf00000, 0x00000000cbf00000|100%| O|  |TAMS 0x00000000cbf00000, 0x00000000cbe00000| Untracked 
|  29|0x00000000cbf00000, 0x00000000cc000000, 0x00000000cc000000|100%| O|  |TAMS 0x00000000cc000000, 0x00000000cbf00000| Untracked 
|  30|0x00000000cc000000, 0x00000000cc100000, 0x00000000cc100000|100%| O|  |TAMS 0x00000000cc100000, 0x00000000cc000000| Untracked 
|  31|0x00000000cc100000, 0x00000000cc200000, 0x00000000cc200000|100%| O|  |TAMS 0x00000000cc200000, 0x00000000cc100000| Untracked 
|  32|0x00000000cc200000, 0x00000000cc300000, 0x00000000cc300000|100%| O|  |TAMS 0x00000000cc300000, 0x00000000cc200000| Untracked 
|  33|0x00000000cc300000, 0x00000000cc400000, 0x00000000cc400000|100%|HS|  |TAMS 0x00000000cc400000, 0x00000000cc300000| Complete 
|  34|0x00000000cc400000, 0x00000000cc500000, 0x00000000cc500000|100%|HC|  |TAMS 0x00000000cc500000, 0x00000000cc400000| Complete 
|  35|0x00000000cc500000, 0x00000000cc600000, 0x00000000cc600000|100%|HC|  |TAMS 0x00000000cc600000, 0x00000000cc500000| Complete 
|  36|0x00000000cc600000, 0x00000000cc700000, 0x00000000cc700000|100%|HC|  |TAMS 0x00000000cc700000, 0x00000000cc600000| Complete 
|  37|0x00000000cc700000, 0x00000000cc800000, 0x00000000cc800000|100%|HC|  |TAMS 0x00000000cc800000, 0x00000000cc700000| Complete 
|  38|0x00000000cc800000, 0x00000000cc900000, 0x00000000cc900000|100%| O|  |TAMS 0x00000000cc900000, 0x00000000cc800000| Untracked 
|  39|0x00000000cc900000, 0x00000000cca00000, 0x00000000cca00000|100%| O|  |TAMS 0x00000000cca00000, 0x00000000cc900000| Untracked 
|  40|0x00000000cca00000, 0x00000000ccb00000, 0x00000000ccb00000|100%| O|  |TAMS 0x00000000ccb00000, 0x00000000cca00000| Untracked 
|  41|0x00000000ccb00000, 0x00000000ccc00000, 0x00000000ccc00000|100%| O|  |TAMS 0x00000000ccc00000, 0x00000000ccb00000| Untracked 
|  42|0x00000000ccc00000, 0x00000000ccd00000, 0x00000000ccd00000|100%| O|  |TAMS 0x00000000ccd00000, 0x00000000ccc00000| Untracked 
|  43|0x00000000ccd00000, 0x00000000cce00000, 0x00000000cce00000|100%| O|  |TAMS 0x00000000cce00000, 0x00000000ccd00000| Untracked 
|  44|0x00000000cce00000, 0x00000000ccf00000, 0x00000000ccf00000|100%| O|  |TAMS 0x00000000ccf00000, 0x00000000cce00000| Untracked 
|  45|0x00000000ccf00000, 0x00000000cd000000, 0x00000000cd000000|100%| O|  |TAMS 0x00000000cd000000, 0x00000000ccf00000| Untracked 
|  46|0x00000000cd000000, 0x00000000cd100000, 0x00000000cd100000|100%| O|  |TAMS 0x00000000cd100000, 0x00000000cd000000| Untracked 
|  47|0x00000000cd100000, 0x00000000cd200000, 0x00000000cd200000|100%| O|  |TAMS 0x00000000cd200000, 0x00000000cd100000| Untracked 
|  48|0x00000000cd200000, 0x00000000cd300000, 0x00000000cd300000|100%| O|  |TAMS 0x00000000cd300000, 0x00000000cd200000| Untracked 
|  49|0x00000000cd300000, 0x00000000cd400000, 0x00000000cd400000|100%| O|  |TAMS 0x00000000cd400000, 0x00000000cd300000| Untracked 
|  50|0x00000000cd400000, 0x00000000cd500000, 0x00000000cd500000|100%| O|  |TAMS 0x00000000cd500000, 0x00000000cd400000| Untracked 
|  51|0x00000000cd500000, 0x00000000cd567c00, 0x00000000cd600000| 40%| O|  |TAMS 0x00000000cd567c00, 0x00000000cd500000| Untracked 
|  52|0x00000000cd600000, 0x00000000cd600000, 0x00000000cd700000|  0%| F|  |TAMS 0x00000000cd600000, 0x00000000cd600000| Untracked 
|  53|0x00000000cd700000, 0x00000000cd700000, 0x00000000cd800000|  0%| F|  |TAMS 0x00000000cd700000, 0x00000000cd700000| Untracked 
|  54|0x00000000cd800000, 0x00000000cd800000, 0x00000000cd900000|  0%| F|  |TAMS 0x00000000cd800000, 0x00000000cd800000| Untracked 
|  55|0x00000000cd900000, 0x00000000cd900000, 0x00000000cda00000|  0%| F|  |TAMS 0x00000000cd900000, 0x00000000cd900000| Untracked 
|  56|0x00000000cda00000, 0x00000000cda00000, 0x00000000cdb00000|  0%| F|  |TAMS 0x00000000cda00000, 0x00000000cda00000| Untracked 
|  57|0x00000000cdb00000, 0x00000000cdb00000, 0x00000000cdc00000|  0%| F|  |TAMS 0x00000000cdb00000, 0x00000000cdb00000| Untracked 
|  58|0x00000000cdc00000, 0x00000000cdc00000, 0x00000000cdd00000|  0%| F|  |TAMS 0x00000000cdc00000, 0x00000000cdc00000| Untracked 
|  59|0x00000000cdd00000, 0x00000000cdd00000, 0x00000000cde00000|  0%| F|  |TAMS 0x00000000cdd00000, 0x00000000cdd00000| Untracked 
|  60|0x00000000cde00000, 0x00000000cde00000, 0x00000000cdf00000|  0%| F|  |TAMS 0x00000000cde00000, 0x00000000cde00000| Untracked 
|  61|0x00000000cdf00000, 0x00000000cdf00000, 0x00000000ce000000|  0%| F|  |TAMS 0x00000000cdf00000, 0x00000000cdf00000| Untracked 
|  62|0x00000000ce000000, 0x00000000ce000000, 0x00000000ce100000|  0%| F|  |TAMS 0x00000000ce000000, 0x00000000ce000000| Untracked 
|  63|0x00000000ce100000, 0x00000000ce100000, 0x00000000ce200000|  0%| F|  |TAMS 0x00000000ce100000, 0x00000000ce100000| Untracked 
|  64|0x00000000ce200000, 0x00000000ce200000, 0x00000000ce300000|  0%| F|  |TAMS 0x00000000ce200000, 0x00000000ce200000| Untracked 
|  65|0x00000000ce300000, 0x00000000ce300000, 0x00000000ce400000|  0%| F|  |TAMS 0x00000000ce300000, 0x00000000ce300000| Untracked 
|  66|0x00000000ce400000, 0x00000000ce400000, 0x00000000ce500000|  0%| F|  |TAMS 0x00000000ce400000, 0x00000000ce400000| Untracked 
|  67|0x00000000ce500000, 0x00000000ce500000, 0x00000000ce600000|  0%| F|  |TAMS 0x00000000ce500000, 0x00000000ce500000| Untracked 
|  68|0x00000000ce600000, 0x00000000ce600000, 0x00000000ce700000|  0%| F|  |TAMS 0x00000000ce600000, 0x00000000ce600000| Untracked 
|  69|0x00000000ce700000, 0x00000000ce700000, 0x00000000ce800000|  0%| F|  |TAMS 0x00000000ce700000, 0x00000000ce700000| Untracked 
|  70|0x00000000ce800000, 0x00000000ce900000, 0x00000000ce900000|100%| S|CS|TAMS 0x00000000ce800000, 0x00000000ce800000| Complete 
|  71|0x00000000ce900000, 0x00000000cea00000, 0x00000000cea00000|100%| S|CS|TAMS 0x00000000ce900000, 0x00000000ce900000| Complete 
|  72|0x00000000cea00000, 0x00000000ceb00000, 0x00000000ceb00000|100%| S|CS|TAMS 0x00000000cea00000, 0x00000000cea00000| Complete 
|  73|0x00000000ceb00000, 0x00000000ceb00000, 0x00000000cec00000|  0%| F|  |TAMS 0x00000000ceb00000, 0x00000000ceb00000| Untracked 
|  74|0x00000000cec00000, 0x00000000cec00000, 0x00000000ced00000|  0%| F|  |TAMS 0x00000000cec00000, 0x00000000cec00000| Untracked 
|  75|0x00000000ced00000, 0x00000000ced00000, 0x00000000cee00000|  0%| F|  |TAMS 0x00000000ced00000, 0x00000000ced00000| Untracked 
|  76|0x00000000cee00000, 0x00000000cee00000, 0x00000000cef00000|  0%| F|  |TAMS 0x00000000cee00000, 0x00000000cee00000| Untracked 
|  77|0x00000000cef00000, 0x00000000cef00000, 0x00000000cf000000|  0%| F|  |TAMS 0x00000000cef00000, 0x00000000cef00000| Untracked 
|  78|0x00000000cf000000, 0x00000000cf000000, 0x00000000cf100000|  0%| F|  |TAMS 0x00000000cf000000, 0x00000000cf000000| Untracked 
|  79|0x00000000cf100000, 0x00000000cf100000, 0x00000000cf200000|  0%| F|  |TAMS 0x00000000cf100000, 0x00000000cf100000| Untracked 
|  80|0x00000000cf200000, 0x00000000cf200000, 0x00000000cf300000|  0%| F|  |TAMS 0x00000000cf200000, 0x00000000cf200000| Untracked 
|  81|0x00000000cf300000, 0x00000000cf300000, 0x00000000cf400000|  0%| F|  |TAMS 0x00000000cf300000, 0x00000000cf300000| Untracked 
|  82|0x00000000cf400000, 0x00000000cf400000, 0x00000000cf500000|  0%| F|  |TAMS 0x00000000cf400000, 0x00000000cf400000| Untracked 
|  83|0x00000000cf500000, 0x00000000cf500000, 0x00000000cf600000|  0%| F|  |TAMS 0x00000000cf500000, 0x00000000cf500000| Untracked 
|  84|0x00000000cf600000, 0x00000000cf600000, 0x00000000cf700000|  0%| F|  |TAMS 0x00000000cf600000, 0x00000000cf600000| Untracked 
|  85|0x00000000cf700000, 0x00000000cf700000, 0x00000000cf800000|  0%| F|  |TAMS 0x00000000cf700000, 0x00000000cf700000| Untracked 
|  86|0x00000000cf800000, 0x00000000cf800000, 0x00000000cf900000|  0%| F|  |TAMS 0x00000000cf800000, 0x00000000cf800000| Untracked 
|  87|0x00000000cf900000, 0x00000000cf900000, 0x00000000cfa00000|  0%| F|  |TAMS 0x00000000cf900000, 0x00000000cf900000| Untracked 
|  88|0x00000000cfa00000, 0x00000000cfa00000, 0x00000000cfb00000|  0%| F|  |TAMS 0x00000000cfa00000, 0x00000000cfa00000| Untracked 
|  89|0x00000000cfb00000, 0x00000000cfb00000, 0x00000000cfc00000|  0%| F|  |TAMS 0x00000000cfb00000, 0x00000000cfb00000| Untracked 
|  90|0x00000000cfc00000, 0x00000000cfc00000, 0x00000000cfd00000|  0%| F|  |TAMS 0x00000000cfc00000, 0x00000000cfc00000| Untracked 
|  91|0x00000000cfd00000, 0x00000000cfd00000, 0x00000000cfe00000|  0%| F|  |TAMS 0x00000000cfd00000, 0x00000000cfd00000| Untracked 
|  92|0x00000000cfe00000, 0x00000000cff00000, 0x00000000cff00000|100%| E|  |TAMS 0x00000000cfe00000, 0x00000000cfe00000| Complete 
|  93|0x00000000cff00000, 0x00000000d0000000, 0x00000000d0000000|100%| E|CS|TAMS 0x00000000cff00000, 0x00000000cff00000| Complete 

Card table byte_map: [0x0000029037a70000,0x0000029037c20000] _byte_map_base: 0x000002903741f000

Marking Bits (Prev, Next): (CMBitMap*) 0x000002901fb68650, (CMBitMap*) 0x000002901fb68618
 Prev Bits: [0x0000029038b50000, 0x00000290398c8000)
 Next Bits: [0x0000029037dd0000, 0x0000029038b48000)

Polling page: 0x000002901e2b0000

Metaspace:

Usage:
  Non-class:     52.51 MB capacity,    52.05 MB (>99%) used,   370.58 KB ( <1%) free+waste,    98.63 KB ( <1%) overhead. 
      Class:      6.89 MB capacity,     6.57 MB ( 95%) used,   277.38 KB (  4%) free+waste,    43.63 KB ( <1%) overhead. 
       Both:     59.40 MB capacity,    58.62 MB ( 99%) used,   647.95 KB (  1%) free+waste,   142.25 KB ( <1%) overhead. 

Virtual space:
  Non-class space:       54.00 MB reserved,      52.75 MB ( 98%) committed 
      Class space:        1.00 GB reserved,       7.00 MB ( <1%) committed 
             Both:        1.05 GB reserved,      59.75 MB (  6%) committed 

Chunk freelists:
   Non-Class:  56.00 KB
       Class:  19.00 KB
        Both:  75.00 KB

MaxMetaspaceSize: 17179869184.00 GB
CompressedClassSpaceSize: 1.00 GB
Initial GC threshold: 20.80 MB
Current GC threshold: 98.96 MB
CDS: off

CodeHeap 'non-profiled nmethods': size=120064Kb used=3025Kb max_used=3025Kb free=117038Kb
 bounds [0x000002902fd60000, 0x0000029030060000, 0x00000290372a0000]
CodeHeap 'profiled nmethods': size=120000Kb used=17320Kb max_used=17320Kb free=102679Kb
 bounds [0x0000029028830000, 0x0000029029920000, 0x000002902fd60000]
CodeHeap 'non-nmethods': size=5696Kb used=1292Kb max_used=1340Kb free=4403Kb
 bounds [0x00000290282a0000, 0x0000029028510000, 0x0000029028830000]
 total_blobs=8337 nmethods=7760 adapters=488
 compilation: enabled
              stopped_count=0, restarted_count=0
 full_count=0

Compilation events (20 events):
Event: 12.287 Thread 0x000002903c6f7800 7705       1       org.jetbrains.kotlin.resolve.calls.tower.AbstractInvokeTowerProcessor::getVariableProcessor (5 bytes)
Event: 12.287 Thread 0x000002903c6f7800 nmethod 7705 0x0000029030050a10 code [0x0000029030050bc0, 0x0000029030050c78]
Event: 12.310 Thread 0x000002903c6f7800 7706       3       org.jetbrains.kotlin.psi.KtNameReferenceExpression::accept (16 bytes)
Event: 12.310 Thread 0x000002903c6f7800 nmethod 7706 0x000002902989cc90 code [0x000002902989cec0, 0x000002902989d528]
Event: 12.322 Thread 0x000002903c6f7800 7707       3       org.jetbrains.kotlin.types.expressions.typeInfoFactory.TypeInfoFactoryKt::createTypeInfo (21 bytes)
Event: 12.323 Thread 0x000002903c6f7800 nmethod 7707 0x000002902989d790 code [0x000002902989d9e0, 0x000002902989e088]
Event: 12.323 Thread 0x000002903c6f7800 7708       3       org.jetbrains.kotlin.types.expressions.KotlinTypeInfo::<init> (30 bytes)
Event: 12.323 Thread 0x000002903c6f7800 nmethod 7708 0x000002902989e390 code [0x000002902989e540, 0x000002902989e6e8]
Event: 12.327 Thread 0x000002903c6f7800 7709       3       org.jetbrains.kotlin.resolve.calls.components.SimpleArgumentsChecksKt::checkSimpleArgument (92 bytes)
Event: 12.328 Thread 0x000002903c6f7800 nmethod 7709 0x000002902989e790 code [0x000002902989eba0, 0x00000290298a05a8]
Event: 12.329 Thread 0x000002903c6f7800 7710       3       org.jetbrains.kotlin.resolve.calls.inference.ConstraintSystemBuilderKt::addSubtypeConstraintIfCompatible (35 bytes)
Event: 12.330 Thread 0x000002903c6f7800 nmethod 7710 0x00000290298a0d90 code [0x00000290298a1160, 0x00000290298a2868]
Event: 12.331 Thread 0x000002903c6f7800 7711       3       org.jetbrains.kotlin.resolve.calls.inference.ConstraintSystemBuilderKt::addConstraintIfCompatible (22 bytes)
Event: 12.331 Thread 0x000002903c6f7800 nmethod 7711 0x00000290298a3090 code [0x00000290298a3280, 0x00000290298a36e8]
Event: 12.331 Thread 0x000002903c6f7800 7712       3       org.jetbrains.kotlin.resolve.calls.inference.ConstraintSystemBuilderKt$addConstraintIfCompatible$1::<init> (27 bytes)
Event: 12.331 Thread 0x000002903c6f7800 nmethod 7712 0x00000290298a3890 code [0x00000290298a3a60, 0x00000290298a3d98]
Event: 12.338 Thread 0x000002903c6f7800 7713       3       org.jetbrains.kotlin.resolve.calls.tower.NewResolvedCallImpl::getTypeArguments (102 bytes)
Event: 12.339 Thread 0x000002903c6f7800 nmethod 7713 0x00000290298a3e90 code [0x00000290298a41c0, 0x00000290298a5318]
Event: 12.341 Thread 0x000002903c6f7800 7714       3       org.jetbrains.kotlin.descriptors.impl.FunctionDescriptorImpl::isInfix (59 bytes)
Event: 12.341 Thread 0x000002903c6f7800 nmethod 7714 0x00000290298a5890 code [0x00000290298a5ac0, 0x00000290298a6278]

GC Heap History (20 events):
Event: 7.167 GC heap before
{Heap before GC invocations=18 (full 0):
 garbage-first heap   total 66560K, used 49454K [0x00000000ca200000, 0x0000000100000000)
  region size 1024K, 17 young (17408K), 2 survivors (2048K)
 Metaspace       used 45328K, capacity 45996K, committed 46336K, reserved 1089536K
  class space    used 5273K, capacity 5541K, committed 5632K, reserved 1048576K
}
Event: 7.172 GC heap after
{Heap after GC invocations=19 (full 0):
 garbage-first heap   total 66560K, used 35435K [0x00000000ca200000, 0x0000000100000000)
  region size 1024K, 2 young (2048K), 2 survivors (2048K)
 Metaspace       used 45328K, capacity 45996K, committed 46336K, reserved 1089536K
  class space    used 5273K, capacity 5541K, committed 5632K, reserved 1048576K
}
Event: 7.324 GC heap before
{Heap before GC invocations=20 (full 0):
 garbage-first heap   total 66560K, used 38507K [0x00000000ca200000, 0x0000000100000000)
  region size 1024K, 6 young (6144K), 2 survivors (2048K)
 Metaspace       used 46263K, capacity 46910K, committed 47232K, reserved 1091584K
  class space    used 5413K, capacity 5674K, committed 5760K, reserved 1048576K
}
Event: 7.329 GC heap after
{Heap after GC invocations=21 (full 0):
 garbage-first heap   total 66560K, used 35660K [0x00000000ca200000, 0x0000000100000000)
  region size 1024K, 2 young (2048K), 2 survivors (2048K)
 Metaspace       used 46263K, capacity 46910K, committed 47232K, reserved 1091584K
  class space    used 5413K, capacity 5674K, committed 5760K, reserved 1048576K
}
Event: 8.212 GC heap before
{Heap before GC invocations=22 (full 0):
 garbage-first heap   total 66560K, used 55116K [0x00000000ca200000, 0x0000000100000000)
  region size 1024K, 16 young (16384K), 2 survivors (2048K)
 Metaspace       used 48983K, capacity 49564K, committed 49792K, reserved 1093632K
  class space    used 5703K, capacity 5972K, committed 6016K, reserved 1048576K
}
Event: 8.220 GC heap after
{Heap after GC invocations=23 (full 0):
 garbage-first heap   total 79872K, used 42619K [0x00000000ca200000, 0x0000000100000000)
  region size 1024K, 2 young (2048K), 2 survivors (2048K)
 Metaspace       used 48983K, capacity 49564K, committed 49792K, reserved 1093632K
  class space    used 5703K, capacity 5972K, committed 6016K, reserved 1048576K
}
Event: 8.621 GC heap before
{Heap before GC invocations=23 (full 0):
 garbage-first heap   total 79872K, used 60027K [0x00000000ca200000, 0x0000000100000000)
  region size 1024K, 19 young (19456K), 2 survivors (2048K)
 Metaspace       used 53285K, capacity 53946K, committed 54272K, reserved 1097728K
  class space    used 6245K, capacity 6548K, committed 6656K, reserved 1048576K
}
Event: 8.627 GC heap after
{Heap after GC invocations=24 (full 0):
 garbage-first heap   total 79872K, used 44367K [0x00000000ca200000, 0x0000000100000000)
  region size 1024K, 2 young (2048K), 2 survivors (2048K)
 Metaspace       used 53285K, capacity 53946K, committed 54272K, reserved 1097728K
  class space    used 6245K, capacity 6548K, committed 6656K, reserved 1048576K
}
Event: 8.717 GC heap before
{Heap before GC invocations=25 (full 0):
 garbage-first heap   total 79872K, used 47439K [0x00000000ca200000, 0x0000000100000000)
  region size 1024K, 6 young (6144K), 2 survivors (2048K)
 Metaspace       used 53894K, capacity 54537K, committed 54784K, reserved 1097728K
  class space    used 6317K, capacity 6615K, committed 6656K, reserved 1048576K
}
Event: 8.721 GC heap after
{Heap after GC invocations=26 (full 0):
 garbage-first heap   total 79872K, used 44640K [0x00000000ca200000, 0x0000000100000000)
  region size 1024K, 2 young (2048K), 2 survivors (2048K)
 Metaspace       used 53894K, capacity 54537K, committed 54784K, reserved 1097728K
  class space    used 6317K, capacity 6615K, committed 6656K, reserved 1048576K
}
Event: 8.819 GC heap before
{Heap before GC invocations=27 (full 0):
 garbage-first heap   total 79872K, used 62048K [0x00000000ca200000, 0x0000000100000000)
  region size 1024K, 19 young (19456K), 2 survivors (2048K)
 Metaspace       used 54030K, capacity 54730K, committed 54784K, reserved 1097728K
  class space    used 6317K, capacity 6615K, committed 6656K, reserved 1048576K
}
Event: 8.823 GC heap after
{Heap after GC invocations=28 (full 0):
 garbage-first heap   total 79872K, used 45188K [0x00000000ca200000, 0x0000000100000000)
  region size 1024K, 3 young (3072K), 3 survivors (3072K)
 Metaspace       used 54030K, capacity 54730K, committed 54784K, reserved 1097728K
  class space    used 6317K, capacity 6615K, committed 6656K, reserved 1048576K
}
Event: 9.062 GC heap before
{Heap before GC invocations=28 (full 0):
 garbage-first heap   total 79872K, used 62596K [0x00000000ca200000, 0x0000000100000000)
  region size 1024K, 20 young (20480K), 3 survivors (3072K)
 Metaspace       used 54459K, capacity 55223K, committed 55296K, reserved 1097728K
  class space    used 6338K, capacity 6625K, committed 6656K, reserved 1048576K
}
Event: 9.068 GC heap after
{Heap after GC invocations=29 (full 0):
 garbage-first heap   total 79872K, used 46896K [0x00000000ca200000, 0x0000000100000000)
  region size 1024K, 3 young (3072K), 3 survivors (3072K)
 Metaspace       used 54459K, capacity 55223K, committed 55296K, reserved 1097728K
  class space    used 6338K, capacity 6625K, committed 6656K, reserved 1048576K
}
Event: 9.738 GC heap before
{Heap before GC invocations=30 (full 0):
 garbage-first heap   total 79872K, used 64304K [0x00000000ca200000, 0x0000000100000000)
  region size 1024K, 20 young (20480K), 3 survivors (3072K)
 Metaspace       used 56248K, capacity 57034K, committed 57216K, reserved 1099776K
  class space    used 6420K, capacity 6735K, committed 6784K, reserved 1048576K
}
Event: 9.755 GC heap after
{Heap after GC invocations=31 (full 0):
 garbage-first heap   total 79872K, used 50012K [0x00000000ca200000, 0x0000000100000000)
  region size 1024K, 3 young (3072K), 3 survivors (3072K)
 Metaspace       used 56248K, capacity 57034K, committed 57216K, reserved 1099776K
  class space    used 6420K, capacity 6735K, committed 6784K, reserved 1048576K
}
Event: 10.516 GC heap before
{Heap before GC invocations=31 (full 0):
 garbage-first heap   total 79872K, used 65372K [0x00000000ca200000, 0x0000000100000000)
  region size 1024K, 18 young (18432K), 3 survivors (3072K)
 Metaspace       used 56526K, capacity 57355K, committed 57472K, reserved 1099776K
  class space    used 6421K, capacity 6735K, committed 6784K, reserved 1048576K
}
Event: 10.613 GC heap after
{Heap after GC invocations=32 (full 0):
 garbage-first heap   total 96256K, used 52569K [0x00000000ca200000, 0x0000000100000000)
  region size 1024K, 2 young (2048K), 2 survivors (2048K)
 Metaspace       used 56526K, capacity 57355K, committed 57472K, reserved 1099776K
  class space    used 6421K, capacity 6735K, committed 6784K, reserved 1048576K
}
Event: 11.178 GC heap before
{Heap before GC invocations=33 (full 0):
 garbage-first heap   total 96256K, used 72025K [0x00000000ca200000, 0x0000000100000000)
  region size 1024K, 21 young (21504K), 2 survivors (2048K)
 Metaspace       used 58146K, capacity 58975K, committed 59136K, reserved 1101824K
  class space    used 6606K, capacity 6911K, committed 6912K, reserved 1048576K
}
Event: 11.186 GC heap after
{Heap after GC invocations=34 (full 0):
 garbage-first heap   total 96256K, used 54244K [0x00000000ca200000, 0x0000000100000000)
  region size 1024K, 2 young (2048K), 2 survivors (2048K)
 Metaspace       used 58146K, capacity 58975K, committed 59136K, reserved 1101824K
  class space    used 6606K, capacity 6911K, committed 6912K, reserved 1048576K
}

Deoptimization events (20 events):
Event: 11.499 Thread 0x000002901fb3c800 Uncommon trap: trap_request=0xffffffc6 fr.pc=0x000002902ffcd1b4 relative=0x00000000000000f4
Event: 11.499 Thread 0x000002901fb3c800 Uncommon trap: reason=bimorphic_or_optimized_type_check action=maybe_recompile pc=0x000002902ffcd1b4 method=org.jetbrains.kotlin.com.intellij.psi.impl.source.tree.CompositeElement.findChildByType(Lorg/jetbrains/kotlin/com/intellij/psi/tree/IElementType;)L
Event: 11.499 Thread 0x000002901fb3c800 DEOPT PACKING pc=0x000002902ffcd1b4 sp=0x000000a7733fde10
Event: 11.499 Thread 0x000002901fb3c800 DEOPT UNPACKING pc=0x00000290282ea1af sp=0x000000a7733fdda8 mode 2
Event: 11.501 Thread 0x000002901fb3c800 Uncommon trap: trap_request=0xffffffc6 fr.pc=0x000002902ffcd1b4 relative=0x00000000000000f4
Event: 11.501 Thread 0x000002901fb3c800 Uncommon trap: reason=bimorphic_or_optimized_type_check action=maybe_recompile pc=0x000002902ffcd1b4 method=org.jetbrains.kotlin.com.intellij.psi.impl.source.tree.CompositeElement.findChildByType(Lorg/jetbrains/kotlin/com/intellij/psi/tree/IElementType;)L
Event: 11.501 Thread 0x000002901fb3c800 DEOPT PACKING pc=0x000002902ffcd1b4 sp=0x000000a7733fdd70
Event: 11.501 Thread 0x000002901fb3c800 DEOPT UNPACKING pc=0x00000290282ea1af sp=0x000000a7733fdd08 mode 2
Event: 11.504 Thread 0x000002901fb3c800 Uncommon trap: trap_request=0xffffffc6 fr.pc=0x000002902ffcd1b4 relative=0x00000000000000f4
Event: 11.504 Thread 0x000002901fb3c800 Uncommon trap: reason=bimorphic_or_optimized_type_check action=maybe_recompile pc=0x000002902ffcd1b4 method=org.jetbrains.kotlin.com.intellij.psi.impl.source.tree.CompositeElement.findChildByType(Lorg/jetbrains/kotlin/com/intellij/psi/tree/IElementType;)L
Event: 11.504 Thread 0x000002901fb3c800 DEOPT PACKING pc=0x000002902ffcd1b4 sp=0x000000a7733fddb0
Event: 11.504 Thread 0x000002901fb3c800 DEOPT UNPACKING pc=0x00000290282ea1af sp=0x000000a7733fdd48 mode 2
Event: 11.505 Thread 0x000002901fb3c800 Uncommon trap: trap_request=0xffffffc6 fr.pc=0x000002902ffcd1b4 relative=0x00000000000000f4
Event: 11.505 Thread 0x000002901fb3c800 Uncommon trap: reason=bimorphic_or_optimized_type_check action=maybe_recompile pc=0x000002902ffcd1b4 method=org.jetbrains.kotlin.com.intellij.psi.impl.source.tree.CompositeElement.findChildByType(Lorg/jetbrains/kotlin/com/intellij/psi/tree/IElementType;)L
Event: 11.505 Thread 0x000002901fb3c800 DEOPT PACKING pc=0x000002902ffcd1b4 sp=0x000000a7733fde10
Event: 11.505 Thread 0x000002901fb3c800 DEOPT UNPACKING pc=0x00000290282ea1af sp=0x000000a7733fdda8 mode 2
Event: 11.568 Thread 0x000002901fb3c800 Uncommon trap: trap_request=0xffffffde fr.pc=0x000002902ffaa864 relative=0x0000000000000e84
Event: 11.568 Thread 0x000002901fb3c800 Uncommon trap: reason=class_check action=maybe_recompile pc=0x000002902ffaa864 method=org.jetbrains.kotlin.serialization.deserialization.descriptors.DeserializedMemberScope.getContributedClassifier(Lorg/jetbrains/kotlin/name/Name;Lorg/jetbrains/kotlin/inc
Event: 11.568 Thread 0x000002901fb3c800 DEOPT PACKING pc=0x000002902ffaa864 sp=0x000000a7733fb8c0
Event: 11.568 Thread 0x000002901fb3c800 DEOPT UNPACKING pc=0x00000290282ea1af sp=0x000000a7733fb8b8 mode 2

Classes redefined (0 events):
No events

Internal exceptions (20 events):
Event: 5.638 Thread 0x000002901fb3c800 Exception <a 'java/lang/NoSuchMethodError'{0x00000000cde89170}: 'java.lang.Object java.lang.invoke.DirectMethodHandle$Holder.invokeVirtual(java.lang.Object, java.lang.Object, java.lang.Object)'> (0x00000000cde89170) thrown at [./src/hotspot/share/interpreter/linkResolver.cpp, line 773]
Event: 7.012 Thread 0x000002901fb3c800 Exception <a 'java/lang/NoSuchMethodError'{0x00000000cd8cdf90}: 'java.lang.Object java.lang.invoke.Invokers$Holder.linkToTargetMethod(java.lang.Object, int, java.lang.Object)'> (0x00000000cd8cdf90) thrown at [./src/hotspot/share/interpreter/linkResolver.cpp, line 773]
Event: 7.134 Thread 0x000002901fb3c800 Exception <a 'java/lang/NoSuchMethodError'{0x00000000cd410e48}: 'java.lang.Object java.lang.invoke.DirectMethodHandle$Holder.invokeStatic(java.lang.Object, java.lang.Object, java.lang.Object, int)'> (0x00000000cd410e48) thrown at [./src/hotspot/share/interpreter/linkResolver.cpp, line 773]
Event: 7.134 Thread 0x000002901fb3c800 Exception <a 'java/lang/NoSuchMethodError'{0x00000000cd414ab8}: 'java.lang.Object java.lang.invoke.DirectMethodHandle$Holder.invokeSpecial(java.lang.Object, java.lang.Object, java.lang.Object, java.lang.Object, int)'> (0x00000000cd414ab8) thrown at [./src/hotspot/share/interpreter/linkResolver.cpp, line 773]
Event: 7.134 Thread 0x000002901fb3c800 Exception <a 'java/lang/NoSuchMethodError'{0x00000000cd417dc8}: 'java.lang.Object java.lang.invoke.Invokers$Holder.linkToTargetMethod(java.lang.Object, java.lang.Object, int, java.lang.Object)'> (0x00000000cd417dc8) thrown at [./src/hotspot/share/interpreter/linkResolver.cpp, line 773]
Event: 8.300 Thread 0x000002901fb3c800 Exception <a 'java/lang/NoSuchMethodError'{0x00000000cedbceb8}: 'java.lang.Object java.lang.invoke.DirectMethodHandle$Holder.invokeSpecial(java.lang.Object, java.lang.Object, java.lang.Object, java.lang.Object, java.lang.Object, int)'> (0x00000000cedbceb8) thrown at [./src/hotspot/share/interpreter/linkResolver.cpp, line 773]
Event: 8.300 Thread 0x000002901fb3c800 Exception <a 'java/lang/NoSuchMethodError'{0x00000000cedc0d00}: 'java.lang.Object java.lang.invoke.Invokers$Holder.linkToTargetMethod(java.lang.Object, java.lang.Object, java.lang.Object, int, java.lang.Object)'> (0x00000000cedc0d00) thrown at [./src/hotspot/share/interpreter/linkResolver.cpp, line 773]
Event: 9.035 Thread 0x000002901fb3c800 Exception <a 'java/lang/NoSuchMethodError'{0x00000000cdf78130}: 'java.lang.Object java.lang.invoke.DirectMethodHandle$Holder.invokeSpecial(java.lang.Object, java.lang.Object, java.lang.Object, java.lang.Object, java.lang.Object, java.lang.Object, java.lang.Object, java.lang.Object, java.lang.Object)'> (0x00000000cdf78130) thrown at [./src/hotspot/share/interpreter/linkResolver.cpp, line 773]
Event: 9.035 Thread 0x000002901fb3c800 Exception <a 'java/lang/NoSuchMethodError'{0x00000000cdf7c328}: 'java.lang.Object java.lang.invoke.Invokers$Holder.linkToTargetMethod(java.lang.Object, java.lang.Object, java.lang.Object, java.lang.Object, java.lang.Object, java.lang.Object, java.lang.Object, java.lang.Object)'> (0x00000000cdf7c328) thrown at [./src/hotspot/share/interpreter/linkResolver.cpp, line 773]
Event: 9.309 Thread 0x000002901fb3c800 Implicit null exception at 0x000002902ff5752f to 0x000002902ff5755c
Event: 9.359 Thread 0x000002901fb3c800 Exception <a 'java/lang/NoSuchMethodError'{0x00000000ceaad9f8}: 'java.lang.Object java.lang.invoke.DirectMethodHandle$Holder.invokeStaticInit(java.lang.Object, java.lang.Object, java.lang.Object)'> (0x00000000ceaad9f8) thrown at [./src/hotspot/share/interpreter/linkResolver.cpp, line 773]
Event: 9.365 Thread 0x000002901fb3c800 Exception <a 'java/lang/NoSuchMethodError'{0x00000000ceae35c8}: 'java.lang.Object java.lang.invoke.DirectMethodHandle$Holder.invokeStatic(java.lang.Object, int, java.lang.Object, java.lang.Object)'> (0x00000000ceae35c8) thrown at [./src/hotspot/share/interpreter/linkResolver.cpp, line 773]
Event: 9.365 Thread 0x000002901fb3c800 Exception <a 'java/lang/NoSuchMethodError'{0x00000000ceaeb3e0}: 'java.lang.Object java.lang.invoke.DirectMethodHandle$Holder.invokeStatic(java.lang.Object, int, java.lang.Object)'> (0x00000000ceaeb3e0) thrown at [./src/hotspot/share/interpreter/linkResolver.cpp, line 773]
Event: 9.366 Thread 0x000002901fb3c800 Exception <a 'java/lang/NoSuchMethodError'{0x00000000ceaf19e8}: 'int java.lang.invoke.DirectMethodHandle$Holder.invokeInterface(java.lang.Object, java.lang.Object)'> (0x00000000ceaf19e8) thrown at [./src/hotspot/share/interpreter/linkResolver.cpp, line 773]
Event: 10.890 Thread 0x000002901fb3c800 Exception <a 'java/lang/NoSuchMethodError'{0x00000000cf527b60}: 'java.lang.Object java.lang.invoke.Invokers$Holder.linkToTargetMethod(java.lang.Object, java.lang.Object, java.lang.Object, java.lang.Object, java.lang.Object, java.lang.Object)'> (0x00000000cf527b60) thrown at [./src/hotspot/share/interpreter/linkResolver.cpp, line 773]
Event: 10.939 Thread 0x000002901fb3c800 Implicit null exception at 0x000002902fdbccde to 0x000002902fdbd44a
Event: 10.939 Thread 0x000002901fb3c800 Implicit null exception at 0x000002902fdc3eaf to 0x000002902fdc3f1d
Event: 11.678 Thread 0x000002901fb3c800 Exception <a 'java/lang/NoSuchMethodError'{0x00000000cf3ecba0}: 'java.lang.Object java.lang.invoke.Invokers$Holder.linkToTargetMethod(java.lang.Object, java.lang.Object, java.lang.Object, java.lang.Object, java.lang.Object, java.lang.Object, java.lang.Object)'> (0x00000000cf3ecba0) thrown at [./src/hotspot/share/interpreter/linkResolver.cpp, line 773]
Event: 11.781 Thread 0x000002901fb3c800 Exception <a 'java/lang/NoSuchMethodError'{0x00000000cf1432f0}: 'java.lang.Object java.lang.invoke.DirectMethodHandle$Holder.invokeInterface(java.lang.Object, java.lang.Object, java.lang.Object)'> (0x00000000cf1432f0) thrown at [./src/hotspot/share/interpreter/linkResolver.cpp, line 773]
Event: 11.782 Thread 0x000002901fb3c800 Exception <a 'java/lang/IncompatibleClassChangeError'{0x00000000cf1467c8}: Found class java.lang.Object, but interface was expected> (0x00000000cf1467c8) thrown at [./src/hotspot/share/interpreter/linkResolver.cpp, line 839]

Events (20 events):
Event: 11.789 loading class javaslang/collection/HashArrayMappedTrieModule$LeafNode
Event: 11.789 loading class javaslang/collection/HashArrayMappedTrieModule$LeafNode done
Event: 11.789 loading class javaslang/collection/HashArrayMappedTrieModule$LeafNode
Event: 11.789 loading class javaslang/collection/HashArrayMappedTrieModule$LeafNode done
Event: 11.789 loading class javaslang/collection/Iterator$34
Event: 11.789 loading class javaslang/collection/Iterator$34 done
Event: 11.790 loading class javaslang/Tuple2
Event: 11.790 loading class javaslang/Tuple2 done
Event: 11.790 loading class javaslang/collection/HashSet
Event: 11.790 loading class javaslang/collection/HashSet done
Event: 11.791 loading class javaslang/collection/HashArrayMappedTrieModule$LeafNode
Event: 11.791 loading class javaslang/collection/HashArrayMappedTrieModule$LeafNode done
Event: 11.798 Executing VM operation: ICBufferFull
Event: 11.798 Executing VM operation: ICBufferFull done
Event: 11.859 loading class kotlin/collections/builders/MapBuilder$KeysItr
Event: 11.859 loading class kotlin/collections/builders/MapBuilder$KeysItr done
Event: 11.860 loading class kotlin/collections/builders/MapBuilder$Itr
Event: 11.860 loading class kotlin/collections/builders/MapBuilder$Itr done
Event: 12.073 Executing VM operation: ICBufferFull
Event: 12.073 Executing VM operation: ICBufferFull done


Dynamic libraries:
0x00007ff746e80000 - 0x00007ff746e8d000 	C:\Program Files\OpenJDK\openjdk-11.0.16_8\bin\java.exe
0x00007ff910a30000 - 0x00007ff910c28000 	C:\WINDOWS\SYSTEM32\ntdll.dll
0x00007ff90f070000 - 0x00007ff90f12d000 	C:\WINDOWS\System32\KERNEL32.DLL
0x00007ff90e240000 - 0x00007ff90e50e000 	C:\WINDOWS\System32\KERNELBASE.dll
0x00007ff90e6d0000 - 0x00007ff90e7d0000 	C:\WINDOWS\System32\ucrtbase.dll
0x00007ff8ffd80000 - 0x00007ff8ffd95000 	C:\Program Files\OpenJDK\openjdk-11.0.16_8\bin\VCRUNTIME140.dll
0x00007ff8ffd60000 - 0x00007ff8ffd77000 	C:\Program Files\OpenJDK\openjdk-11.0.16_8\bin\jli.dll
0x00007ff90ea90000 - 0x00007ff90ec30000 	C:\WINDOWS\System32\USER32.dll
0x00007ff90e6a0000 - 0x00007ff90e6c2000 	C:\WINDOWS\System32\win32u.dll
0x00007ff90f3a0000 - 0x00007ff90f3ca000 	C:\WINDOWS\System32\GDI32.dll
0x00007ff90e7d0000 - 0x00007ff90e8db000 	C:\WINDOWS\System32\gdi32full.dll
0x00007ff90e150000 - 0x00007ff90e1ed000 	C:\WINDOWS\System32\msvcp_win.dll
0x00007ff8fb5f0000 - 0x00007ff8fb88a000 	C:\WINDOWS\WinSxS\amd64_microsoft.windows.common-controls_6595b64144ccf1df_6.0.19041.1110_none_60b5254171f9507e\COMCTL32.dll
0x00007ff9100d0000 - 0x00007ff91016e000 	C:\WINDOWS\System32\msvcrt.dll
0x00007ff910280000 - 0x00007ff9102b0000 	C:\WINDOWS\System32\IMM32.DLL
0x00007ff8f4d50000 - 0x00007ff8f4deb000 	C:\Program Files\OpenJDK\openjdk-11.0.16_8\bin\msvcp140.dll
0x00007ff8be1b0000 - 0x00007ff8becbe000 	C:\Program Files\OpenJDK\openjdk-11.0.16_8\bin\server\jvm.dll
0x00007ff910940000 - 0x00007ff9109ee000 	C:\WINDOWS\System32\ADVAPI32.dll
0x00007ff90f800000 - 0x00007ff90f89c000 	C:\WINDOWS\System32\sechost.dll
0x00007ff90f270000 - 0x00007ff90f395000 	C:\WINDOWS\System32\RPCRT4.dll
0x00007ff90ee70000 - 0x00007ff90ee78000 	C:\WINDOWS\System32\PSAPI.DLL
0x00007ff905870000 - 0x00007ff905879000 	C:\WINDOWS\SYSTEM32\WSOCK32.dll
0x00007ff904540000 - 0x00007ff904567000 	C:\WINDOWS\SYSTEM32\WINMM.dll
0x00007ff90f790000 - 0x00007ff90f7fb000 	C:\WINDOWS\System32\WS2_32.dll
0x00007ff904db0000 - 0x00007ff904dba000 	C:\WINDOWS\SYSTEM32\VERSION.dll
0x00007ff90bf30000 - 0x00007ff90bf42000 	C:\WINDOWS\SYSTEM32\kernel.appcore.dll
0x00007ff9087b0000 - 0x00007ff9087c0000 	C:\Program Files\OpenJDK\openjdk-11.0.16_8\bin\verify.dll
0x00007ff8fc910000 - 0x00007ff8fcaf4000 	C:\WINDOWS\SYSTEM32\DBGHELP.DLL
0x00007ff8fc760000 - 0x00007ff8fc78c000 	C:\WINDOWS\SYSTEM32\dbgcore.DLL
0x00007ff90e990000 - 0x00007ff90ea12000 	C:\WINDOWS\System32\bcryptPrimitives.dll
0x00007ff8ffa60000 - 0x00007ff8ffa88000 	C:\Program Files\OpenJDK\openjdk-11.0.16_8\bin\java.dll
0x00007ff907bd0000 - 0x00007ff907bda000 	C:\Program Files\OpenJDK\openjdk-11.0.16_8\bin\jimage.dll
0x00007ff8ff6a0000 - 0x00007ff8ff6b8000 	C:\Program Files\OpenJDK\openjdk-11.0.16_8\bin\zip.dll
0x00007ff90f980000 - 0x00007ff9100c4000 	C:\WINDOWS\System32\SHELL32.dll
0x00007ff90c240000 - 0x00007ff90c9d4000 	C:\WINDOWS\SYSTEM32\windows.storage.dll
0x00007ff90f430000 - 0x00007ff90f784000 	C:\WINDOWS\System32\combase.dll
0x00007ff90dae0000 - 0x00007ff90db10000 	C:\WINDOWS\SYSTEM32\Wldp.dll
0x00007ff9101d0000 - 0x00007ff91027d000 	C:\WINDOWS\System32\SHCORE.dll
0x00007ff90ee10000 - 0x00007ff90ee65000 	C:\WINDOWS\System32\shlwapi.dll
0x00007ff90e090000 - 0x00007ff90e0af000 	C:\WINDOWS\SYSTEM32\profapi.dll
0x00007ff8ff680000 - 0x00007ff8ff699000 	C:\Program Files\OpenJDK\openjdk-11.0.16_8\bin\net.dll
0x00007ff903bc0000 - 0x00007ff903cca000 	C:\WINDOWS\SYSTEM32\WINHTTP.dll
0x00007ff90d840000 - 0x00007ff90d8aa000 	C:\WINDOWS\system32\mswsock.dll
0x00007ff8ff660000 - 0x00007ff8ff673000 	C:\Program Files\OpenJDK\openjdk-11.0.16_8\bin\nio.dll

dbghelp: loaded successfully - version: 4.0.5 - missing functions: none
symbol engine: initialized successfully - sym options: 0x614 - pdb path: .;C:\Program Files\OpenJDK\openjdk-11.0.16_8\bin;C:\WINDOWS\SYSTEM32;C:\WINDOWS\WinSxS\amd64_microsoft.windows.common-controls_6595b64144ccf1df_6.0.19041.1110_none_60b5254171f9507e;C:\Program Files\OpenJDK\openjdk-11.0.16_8\bin\server

VM Arguments:
java_command: org.jetbrains.kotlin.cli.jvm.K2JVMCompiler @C:\Users\Tomas\github\demoWallet-react-native\node_modules\react-native-gradle-plugin\build\20220816_9249390667188476213.compiler.options
java_class_path (initial): C:\Users\Tomas\.gradle\caches\modules-2\files-2.1\org.jetbrains.kotlin\kotlin-compiler-embeddable\1.6.10\88f2073f4020cdb83132cfe940ceb9a60aba54ea\kotlin-compiler-embeddable-1.6.10.jar;C:\Users\Tomas\.gradle\caches\modules-2\files-2.1\org.jetbrains.kotlin\kotlin-reflect\1.6.10\1cbe9c92c12a94eea200d23c2bbaedaf3daf5132\kotlin-reflect-1.6.10.jar;C:\Users\Tomas\.gradle\caches\modules-2\files-2.1\org.jetbrains.kotlin\kotlin-stdlib\1.6.10\b8af3fe6f1ca88526914929add63cf5e7c5049af\kotlin-stdlib-1.6.10.jar;C:\Users\Tomas\.gradle\caches\modules-2\files-2.1\org.jetbrains.kotlin\kotlin-script-runtime\1.6.10\d0a7ff2e2500ef497ed0214ae40ad3c8387a6164\kotlin-script-runtime-1.6.10.jar;C:\Users\Tomas\.gradle\caches\modules-2\files-2.1\org.jetbrains.kotlin\kotlin-daemon-embeddable\1.6.10\a56d79bcbea411fa6058e4ecffc2de73e742bd2a\kotlin-daemon-embeddable-1.6.10.jar;C:\Users\Tomas\.gradle\caches\modules-2\files-2.1\org.jetbrains.intellij.deps\trove4j\1.0.20181211\216c2e14b070f334479d800987affe4054cd563f\trove4j-1.0.20181211.jar;C:\Users\Tomas\.gradle\caches\modules-2\files-2.1\net.java.dev.jna\jna\5.6.0\330f2244e9030119ab3030fc3fededc86713d9cc\jna-5.6.0.jar;C:\Users\Tomas\.gradle\caches\modules-2\files-2.1\org.jetbrains\annotations\13.0\919f0dfe192fb4e063e7dacadee7f8bb9a2672a9\annotations-13.0.jar;C:\Users\Tomas\.gradle\caches\modules-2\files-2.1\org.jetbrains.kotlin\kotlin-stdlib-common\1.6.10\c118700e3a33c8a0d9adc920e9dec0831171925\kotlin-stdlib-common-1.6.10.jar
Launcher Type: SUN_STANDARD

[Global flags]
     intx CICompilerCount                          = 3                                         {product} {ergonomic}
     uint ConcGCThreads                            = 1                                         {product} {ergonomic}
     uint G1ConcRefinementThreads                  = 4                                         {product} {ergonomic}
   size_t G1HeapRegionSize                         = 1048576                                   {product} {ergonomic}
    uintx GCDrainStackTargetSize                   = 64                                        {product} {ergonomic}
   size_t InitialHeapSize                          = 56623104                                  {product} {ergonomic}
   size_t MarkStackSize                            = 4194304                                   {product} {ergonomic}
   size_t MaxHeapSize                              = 903872512                                 {product} {ergonomic}
   size_t MaxNewSize                               = 542113792                                 {product} {ergonomic}
   size_t MinHeapDeltaBytes                        = 1048576                                   {product} {ergonomic}
    uintx NonNMethodCodeHeapSize                   = 5830732                                {pd product} {ergonomic}
    uintx NonProfiledCodeHeapSize                  = 122913754                              {pd product} {ergonomic}
    uintx ProfiledCodeHeapSize                     = 122913754                              {pd product} {ergonomic}
    uintx ReservedCodeCacheSize                    = 251658240                              {pd product} {ergonomic}
     bool SegmentedCodeCache                       = true                                      {product} {ergonomic}
     bool UseCompressedClassPointers               = true                                 {lp64_product} {ergonomic}
     bool UseCompressedOops                        = true                                 {lp64_product} {ergonomic}
     bool UseG1GC                                  = true                                      {product} {ergonomic}
     bool UseLargePagesIndividualAllocation        = false                                  {pd product} {ergonomic}

Logging:
Log output configuration:
 #0: stdout all=warning uptime,level,tags
 #1: stderr all=off uptime,level,tags

Environment Variables:
JAVA_HOME=C:\Program Files\OpenJDK\openjdk-11.0.16_8
PATH=A:\Programs\Virtual Box\;C:\WINDOWS\system32;C:\WINDOWS;C:\WINDOWS\System32\Wbem;C:\WINDOWS\System32\WindowsPowerShell\v1.0\;C:\WINDOWS\System32\OpenSSH\;C:\Program Files\Git\cmd;C:\xampp\php;C:\ProgramData\ComposerSetup\bin;C:\Program Files\PuTTY\;C:\Program Files\OpenJDK\openjdk-11.0.16_8\bin;npm install expo-font;C:\Program Files\nodejs;C:\ProgramData\chocolatey\bin;C:\Program Files\nodejs\;C:\Users\Tomas\AppData\Local\Microsoft\WindowsApps;C:\Users\Tomas\AppData\Local\Programs\Microsoft VS Code\bin;C:\Users\Tomas\AppData\Roaming\Composer\vendor\bin;C:\Program Files (x86)\BrowserStackLocal\;C:\Users\Tomas\AppData\Roaming\nvm;C:\Program Files\nodejs;C:\Users\Tomas\AppData\Roaming\npm;C:\Users\Tomas\AppData\Local\Android\Sdk\platform-tools;C:\Users\Tomas\AppData\Local\Android\Sdk\platform-tools;
USERNAME=Tomas
OS=Windows_NT
PROCESSOR_IDENTIFIER=AMD64 Family 23 Model 96 Stepping 1, AuthenticAMD
TMP=C:\Users\Tomas\AppData\Local\Temp
TEMP=C:\Users\Tomas\AppData\Local\Temp



---------------  S Y S T E M  ---------------

OS: Windows 10 , 64 bit Build 19041 (10.0.19041.1889)
OS uptime: 2 days 10:44 hours

CPU:total 4 (initial active 4) (4 cores per cpu, 1 threads per core) family 23 model 96 stepping 1 microcode 0x0, cmov, cx8, fxsr, mmx, sse, sse2, sse3, ssse3, sse4.1, sse4.2, popcnt, avx, avx2, aes, clmul, mmxext, 3dnowpref, lzcnt, sse4a, tsc, tscinvbit, tscinv, bmi1, bmi2, adx, sha, fma

Memory: 4k page, system-wide physical 3447M (205M free)
TotalPageFile size 14199M (AvailPageFile size 80M)
current process WorkingSet (physical memory assigned to process): 174M, peak: 206M
current process commit charge ("private bytes"): 288M, peak: 290M

vm_info: OpenJDK 64-Bit Server VM (11.0.16+8) for windows-amd64 JRE (11.0.16+8), built on Jul 17 2022 01:33:05 by "tester" with MS VC++ 15.9 (VS2017)

END.
